0 info it worked if it ends with ok
1 verbose cli [ 'D:\\Node\\node.exe',
1 verbose cli   'D:\\Node\\node_modules\\npm\\bin\\npm-cli.js',
1 verbose cli   'install',
1 verbose cli   'six' ]
2 info using npm@3.10.8
3 info using node@v6.9.1
4 verbose config Skipping project config: C:\Users\songs/.npmrc. (matches userconfig)
5 silly loadCurrentTree Starting
6 silly install loadCurrentTree
7 silly install readLocalPackageData
8 silly fetchPackageMetaData six
9 silly fetchNamedPackageData six
10 silly mapToRegistry name six
11 silly mapToRegistry using default registry
12 silly mapToRegistry registry https://registry.npmjs.org/
13 silly mapToRegistry data Result {
13 silly mapToRegistry   raw: 'six',
13 silly mapToRegistry   scope: null,
13 silly mapToRegistry   escapedName: 'six',
13 silly mapToRegistry   name: 'six',
13 silly mapToRegistry   rawSpec: '',
13 silly mapToRegistry   spec: 'latest',
13 silly mapToRegistry   type: 'tag' }
14 silly mapToRegistry uri https://registry.npmjs.org/six
15 verbose request uri https://registry.npmjs.org/six
16 verbose request no auth needed
17 info attempt registry request try #1 at 14:39:05
18 verbose request id d231a549da577a86
19 http request GET https://registry.npmjs.org/six
20 http 200 https://registry.npmjs.org/six
21 verbose headers { server: 'nginx/1.10.3',
21 verbose headers   'content-type': 'application/json',
21 verbose headers   'last-modified': 'Sat, 12 Apr 2014 17:54:17 GMT',
21 verbose headers   etag: 'W/"53497dc9-2875"',
21 verbose headers   'content-encoding': 'gzip',
21 verbose headers   'cache-control': 'max-age=300',
21 verbose headers   'content-length': '3092',
21 verbose headers   'accept-ranges': 'bytes',
21 verbose headers   date: 'Tue, 17 Oct 2017 06:39:18 GMT',
21 verbose headers   via: '1.1 varnish',
21 verbose headers   age: '0',
21 verbose headers   connection: 'keep-alive',
21 verbose headers   'x-served-by': 'cache-hkg17921-HKG',
21 verbose headers   'x-cache': 'MISS',
21 verbose headers   'x-cache-hits': '0',
21 verbose headers   'x-timer': 'S1508222359.760853,VS0,VE202',
21 verbose headers   vary: 'Accept-Encoding, Accept' }
22 silly get cb [ 200,
22 silly get   { server: 'nginx/1.10.3',
22 silly get     'content-type': 'application/json',
22 silly get     'last-modified': 'Sat, 12 Apr 2014 17:54:17 GMT',
22 silly get     etag: 'W/"53497dc9-2875"',
22 silly get     'content-encoding': 'gzip',
22 silly get     'cache-control': 'max-age=300',
22 silly get     'content-length': '3092',
22 silly get     'accept-ranges': 'bytes',
22 silly get     date: 'Tue, 17 Oct 2017 06:39:18 GMT',
22 silly get     via: '1.1 varnish',
22 silly get     age: '0',
22 silly get     connection: 'keep-alive',
22 silly get     'x-served-by': 'cache-hkg17921-HKG',
22 silly get     'x-cache': 'MISS',
22 silly get     'x-cache-hits': '0',
22 silly get     'x-timer': 'S1508222359.760853,VS0,VE202',
22 silly get     vary: 'Accept-Encoding, Accept' } ]
23 verbose get saving six to C:\Users\songs\AppData\Roaming\npm-cache\registry.npmjs.org\six\.cache.json
24 verbose correctMkdir C:\Users\songs\AppData\Roaming\npm-cache correctMkdir not in flight; initializing
25 silly install normalizeTree
26 silly loadCurrentTree Finishing
27 silly loadIdealTree Starting
28 silly install loadIdealTree
29 silly cloneCurrentTree Starting
30 silly install cloneCurrentTreeToIdealTree
31 silly cloneCurrentTree Finishing
32 silly loadShrinkwrap Starting
33 silly install loadShrinkwrap
34 silly loadShrinkwrap Finishing
35 silly loadAllDepsIntoIdealTree Starting
36 silly install loadAllDepsIntoIdealTree
37 silly resolveWithNewModule six@0.0.12 checking installable status
38 silly cache add args [ 'six', null ]
39 verbose cache add spec six
40 silly cache add parsed spec Result {
40 silly cache add   raw: 'six',
40 silly cache add   scope: null,
40 silly cache add   escapedName: 'six',
40 silly cache add   name: 'six',
40 silly cache add   rawSpec: '',
40 silly cache add   spec: 'latest',
40 silly cache add   type: 'tag' }
41 silly addNamed six@latest
42 verbose addNamed "latest" is being treated as a dist-tag for six
43 info addNameTag [ 'six', 'latest' ]
44 silly mapToRegistry name six
45 silly mapToRegistry using default registry
46 silly mapToRegistry registry https://registry.npmjs.org/
47 silly mapToRegistry data Result {
47 silly mapToRegistry   raw: 'six',
47 silly mapToRegistry   scope: null,
47 silly mapToRegistry   escapedName: 'six',
47 silly mapToRegistry   name: 'six',
47 silly mapToRegistry   rawSpec: '',
47 silly mapToRegistry   spec: 'latest',
47 silly mapToRegistry   type: 'tag' }
48 silly mapToRegistry uri https://registry.npmjs.org/six
49 verbose addNameTag registry:https://registry.npmjs.org/six not in flight; fetching
50 verbose get https://registry.npmjs.org/six not expired, no request
51 silly addNameTag next cb for six with tag latest
52 silly addNamed six@0.0.12
53 verbose addNamed "0.0.12" is a plain semver version for six
54 silly mapToRegistry name six
55 silly mapToRegistry using default registry
56 silly mapToRegistry registry https://registry.npmjs.org/
57 silly mapToRegistry data Result {
57 silly mapToRegistry   raw: 'six',
57 silly mapToRegistry   scope: null,
57 silly mapToRegistry   escapedName: 'six',
57 silly mapToRegistry   name: 'six',
57 silly mapToRegistry   rawSpec: '',
57 silly mapToRegistry   spec: 'latest',
57 silly mapToRegistry   type: 'tag' }
58 silly mapToRegistry uri https://registry.npmjs.org/six
59 verbose addRemoteTarball https://registry.npmjs.org/six/-/six-0.0.12.tgz not in flight; adding
60 verbose addRemoteTarball [ 'https://registry.npmjs.org/six/-/six-0.0.12.tgz',
60 verbose addRemoteTarball   '5752d97434a25298ea7670557ea4fd7570409033' ]
61 info retry fetch attempt 1 at 14:39:07
62 info attempt registry request try #1 at 14:39:07
63 http fetch GET https://registry.npmjs.org/six/-/six-0.0.12.tgz
64 http fetch 200 https://registry.npmjs.org/six/-/six-0.0.12.tgz
65 silly fetchAndShaCheck shasum 5752d97434a25298ea7670557ea4fd7570409033
66 verbose addTmpTarball C:\Users\songs\AppData\Local\Temp\npm-1756-f9726d94\registry.npmjs.org\six\-\six-0.0.12.tgz not in flight; adding
67 verbose addTmpTarball already have metadata; skipping unpack for six@0.0.12
68 verbose correctMkdir C:\Users\songs\AppData\Roaming\npm-cache correctMkdir not in flight; initializing
69 silly cache afterAdd six@0.0.12
70 verbose afterAdd C:\Users\songs\AppData\Roaming\npm-cache\six\0.0.12\package\package.json not in flight; writing
71 verbose correctMkdir C:\Users\songs\AppData\Roaming\npm-cache correctMkdir not in flight; initializing
72 verbose afterAdd C:\Users\songs\AppData\Roaming\npm-cache\six\0.0.12\package\package.json written
73 silly fetchNamedPackageData esprima-six-jpike
74 silly mapToRegistry name esprima-six-jpike
75 silly mapToRegistry using default registry
76 silly mapToRegistry registry https://registry.npmjs.org/
77 silly mapToRegistry data Result {
77 silly mapToRegistry   raw: 'esprima-six-jpike',
77 silly mapToRegistry   scope: null,
77 silly mapToRegistry   escapedName: 'esprima-six-jpike',
77 silly mapToRegistry   name: 'esprima-six-jpike',
77 silly mapToRegistry   rawSpec: '',
77 silly mapToRegistry   spec: 'latest',
77 silly mapToRegistry   type: 'tag' }
78 silly mapToRegistry uri https://registry.npmjs.org/esprima-six-jpike
79 silly fetchNamedPackageData escodegen
80 silly mapToRegistry name escodegen
81 silly mapToRegistry using default registry
82 silly mapToRegistry registry https://registry.npmjs.org/
83 silly mapToRegistry data Result {
83 silly mapToRegistry   raw: 'escodegen',
83 silly mapToRegistry   scope: null,
83 silly mapToRegistry   escapedName: 'escodegen',
83 silly mapToRegistry   name: 'escodegen',
83 silly mapToRegistry   rawSpec: '',
83 silly mapToRegistry   spec: 'latest',
83 silly mapToRegistry   type: 'tag' }
84 silly mapToRegistry uri https://registry.npmjs.org/escodegen
85 verbose request uri https://registry.npmjs.org/esprima-six-jpike
86 verbose request no auth needed
87 info attempt registry request try #1 at 14:39:46
88 http request GET https://registry.npmjs.org/esprima-six-jpike
89 verbose request uri https://registry.npmjs.org/escodegen
90 verbose request no auth needed
91 info attempt registry request try #1 at 14:39:46
92 verbose etag W/"58190a4e-10bc9"
93 verbose lastModified Tue, 01 Nov 2016 21:34:06 GMT
94 http request GET https://registry.npmjs.org/escodegen
95 http 200 https://registry.npmjs.org/escodegen
96 verbose headers { server: 'nginx/1.10.1',
96 verbose headers   'content-type': 'application/json',
96 verbose headers   'last-modified': 'Thu, 28 Sep 2017 12:53:39 GMT',
96 verbose headers   etag: 'W/"59ccf0d3-11359"',
96 verbose headers   'content-encoding': 'gzip',
96 verbose headers   'cache-control': 'max-age=300',
96 verbose headers   'content-length': '7501',
96 verbose headers   'accept-ranges': 'bytes',
96 verbose headers   date: 'Tue, 17 Oct 2017 06:39:59 GMT',
96 verbose headers   via: '1.1 varnish',
96 verbose headers   age: '258',
96 verbose headers   connection: 'keep-alive',
96 verbose headers   'x-served-by': 'cache-hkg17925-HKG',
96 verbose headers   'x-cache': 'HIT',
96 verbose headers   'x-cache-hits': '5',
96 verbose headers   'x-timer': 'S1508222400.670639,VS0,VE0',
96 verbose headers   vary: 'Accept-Encoding, Accept' }
97 silly get cb [ 200,
97 silly get   { server: 'nginx/1.10.1',
97 silly get     'content-type': 'application/json',
97 silly get     'last-modified': 'Thu, 28 Sep 2017 12:53:39 GMT',
97 silly get     etag: 'W/"59ccf0d3-11359"',
97 silly get     'content-encoding': 'gzip',
97 silly get     'cache-control': 'max-age=300',
97 silly get     'content-length': '7501',
97 silly get     'accept-ranges': 'bytes',
97 silly get     date: 'Tue, 17 Oct 2017 06:39:59 GMT',
97 silly get     via: '1.1 varnish',
97 silly get     age: '258',
97 silly get     connection: 'keep-alive',
97 silly get     'x-served-by': 'cache-hkg17925-HKG',
97 silly get     'x-cache': 'HIT',
97 silly get     'x-cache-hits': '5',
97 silly get     'x-timer': 'S1508222400.670639,VS0,VE0',
97 silly get     vary: 'Accept-Encoding, Accept' } ]
98 verbose get saving escodegen to C:\Users\songs\AppData\Roaming\npm-cache\registry.npmjs.org\escodegen\.cache.json
99 verbose correctMkdir C:\Users\songs\AppData\Roaming\npm-cache correctMkdir not in flight; initializing
100 silly resolveWithNewModule escodegen@0.0.15 checking installable status
101 silly cache add args [ 'escodegen@0.0.15', null ]
102 verbose cache add spec escodegen@0.0.15
103 silly cache add parsed spec Result {
103 silly cache add   raw: 'escodegen@0.0.15',
103 silly cache add   scope: null,
103 silly cache add   escapedName: 'escodegen',
103 silly cache add   name: 'escodegen',
103 silly cache add   rawSpec: '0.0.15',
103 silly cache add   spec: '0.0.15',
103 silly cache add   type: 'version' }
104 silly addNamed escodegen@0.0.15
105 verbose addNamed "0.0.15" is a plain semver version for escodegen
106 silly mapToRegistry name escodegen
107 silly mapToRegistry using default registry
108 silly mapToRegistry registry https://registry.npmjs.org/
109 silly mapToRegistry data Result {
109 silly mapToRegistry   raw: 'escodegen',
109 silly mapToRegistry   scope: null,
109 silly mapToRegistry   escapedName: 'escodegen',
109 silly mapToRegistry   name: 'escodegen',
109 silly mapToRegistry   rawSpec: '',
109 silly mapToRegistry   spec: 'latest',
109 silly mapToRegistry   type: 'tag' }
110 silly mapToRegistry uri https://registry.npmjs.org/escodegen
111 verbose addNameVersion registry:https://registry.npmjs.org/escodegen not in flight; fetching
112 verbose get https://registry.npmjs.org/escodegen not expired, no request
113 silly mapToRegistry name escodegen
114 silly mapToRegistry using default registry
115 silly mapToRegistry registry https://registry.npmjs.org/
116 silly mapToRegistry data Result {
116 silly mapToRegistry   raw: 'escodegen',
116 silly mapToRegistry   scope: null,
116 silly mapToRegistry   escapedName: 'escodegen',
116 silly mapToRegistry   name: 'escodegen',
116 silly mapToRegistry   rawSpec: '',
116 silly mapToRegistry   spec: 'latest',
116 silly mapToRegistry   type: 'tag' }
117 silly mapToRegistry uri https://registry.npmjs.org/escodegen
118 verbose addRemoteTarball https://registry.npmjs.org/escodegen/-/escodegen-0.0.15.tgz not in flight; adding
119 verbose addRemoteTarball [ 'https://registry.npmjs.org/escodegen/-/escodegen-0.0.15.tgz',
119 verbose addRemoteTarball   'ffda9cb26b70b34f7cc19f1d88756539afb543bd' ]
120 info retry fetch attempt 1 at 14:39:48
121 info attempt registry request try #1 at 14:39:48
122 http fetch GET https://registry.npmjs.org/escodegen/-/escodegen-0.0.15.tgz
123 http 200 https://registry.npmjs.org/esprima-six-jpike
124 verbose headers { server: 'nginx/1.10.1',
124 verbose headers   'content-type': 'application/json',
124 verbose headers   'last-modified': 'Sun, 13 Jan 2013 18:39:32 GMT',
124 verbose headers   etag: 'W/"50f2ff64-420c"',
124 verbose headers   'content-encoding': 'gzip',
124 verbose headers   'cache-control': 'max-age=300',
124 verbose headers   'content-length': '3242',
124 verbose headers   'accept-ranges': 'bytes',
124 verbose headers   date: 'Tue, 17 Oct 2017 06:39:58 GMT',
124 verbose headers   via: '1.1 varnish',
124 verbose headers   age: '0',
124 verbose headers   connection: 'keep-alive',
124 verbose headers   'x-served-by': 'cache-hkg17921-HKG',
124 verbose headers   'x-cache': 'MISS',
124 verbose headers   'x-cache-hits': '0',
124 verbose headers   'x-timer': 'S1508222398.266232,VS0,VE204',
124 verbose headers   vary: 'Accept-Encoding, Accept' }
125 silly get cb [ 200,
125 silly get   { server: 'nginx/1.10.1',
125 silly get     'content-type': 'application/json',
125 silly get     'last-modified': 'Sun, 13 Jan 2013 18:39:32 GMT',
125 silly get     etag: 'W/"50f2ff64-420c"',
125 silly get     'content-encoding': 'gzip',
125 silly get     'cache-control': 'max-age=300',
125 silly get     'content-length': '3242',
125 silly get     'accept-ranges': 'bytes',
125 silly get     date: 'Tue, 17 Oct 2017 06:39:58 GMT',
125 silly get     via: '1.1 varnish',
125 silly get     age: '0',
125 silly get     connection: 'keep-alive',
125 silly get     'x-served-by': 'cache-hkg17921-HKG',
125 silly get     'x-cache': 'MISS',
125 silly get     'x-cache-hits': '0',
125 silly get     'x-timer': 'S1508222398.266232,VS0,VE204',
125 silly get     vary: 'Accept-Encoding, Accept' } ]
126 verbose get saving esprima-six-jpike to C:\Users\songs\AppData\Roaming\npm-cache\registry.npmjs.org\esprima-six-jpike\.cache.json
127 verbose correctMkdir C:\Users\songs\AppData\Roaming\npm-cache correctMkdir not in flight; initializing
128 silly resolveWithNewModule esprima-six-jpike@1.1.1-dev-harmony checking installable status
129 silly cache add args [ 'esprima-six-jpike@1.1.1-dev-harmony', null ]
130 verbose cache add spec esprima-six-jpike@1.1.1-dev-harmony
131 silly cache add parsed spec Result {
131 silly cache add   raw: 'esprima-six-jpike@1.1.1-dev-harmony',
131 silly cache add   scope: null,
131 silly cache add   escapedName: 'esprima-six-jpike',
131 silly cache add   name: 'esprima-six-jpike',
131 silly cache add   rawSpec: '1.1.1-dev-harmony',
131 silly cache add   spec: '1.1.1-dev-harmony',
131 silly cache add   type: 'version' }
132 silly addNamed esprima-six-jpike@1.1.1-dev-harmony
133 verbose addNamed "1.1.1-dev-harmony" is a plain semver version for esprima-six-jpike
134 silly mapToRegistry name esprima-six-jpike
135 silly mapToRegistry using default registry
136 silly mapToRegistry registry https://registry.npmjs.org/
137 silly mapToRegistry data Result {
137 silly mapToRegistry   raw: 'esprima-six-jpike',
137 silly mapToRegistry   scope: null,
137 silly mapToRegistry   escapedName: 'esprima-six-jpike',
137 silly mapToRegistry   name: 'esprima-six-jpike',
137 silly mapToRegistry   rawSpec: '',
137 silly mapToRegistry   spec: 'latest',
137 silly mapToRegistry   type: 'tag' }
138 silly mapToRegistry uri https://registry.npmjs.org/esprima-six-jpike
139 verbose addNameVersion registry:https://registry.npmjs.org/esprima-six-jpike not in flight; fetching
140 verbose get https://registry.npmjs.org/esprima-six-jpike not expired, no request
141 silly mapToRegistry name esprima-six-jpike
142 silly mapToRegistry using default registry
143 silly mapToRegistry registry https://registry.npmjs.org/
144 silly mapToRegistry data Result {
144 silly mapToRegistry   raw: 'esprima-six-jpike',
144 silly mapToRegistry   scope: null,
144 silly mapToRegistry   escapedName: 'esprima-six-jpike',
144 silly mapToRegistry   name: 'esprima-six-jpike',
144 silly mapToRegistry   rawSpec: '',
144 silly mapToRegistry   spec: 'latest',
144 silly mapToRegistry   type: 'tag' }
145 silly mapToRegistry uri https://registry.npmjs.org/esprima-six-jpike
146 verbose addRemoteTarball https://registry.npmjs.org/esprima-six-jpike/-/esprima-six-jpike-1.1.1-dev-harmony.tgz not in flight; adding
147 verbose addRemoteTarball [ 'https://registry.npmjs.org/esprima-six-jpike/-/esprima-six-jpike-1.1.1-dev-harmony.tgz',
147 verbose addRemoteTarball   '23cca85f7e01b46c9b71bf514dee0fdf5864903e' ]
148 info retry fetch attempt 1 at 14:39:48
149 info attempt registry request try #1 at 14:39:48
150 http fetch GET https://registry.npmjs.org/esprima-six-jpike/-/esprima-six-jpike-1.1.1-dev-harmony.tgz
151 http fetch 200 https://registry.npmjs.org/escodegen/-/escodegen-0.0.15.tgz
152 silly fetchAndShaCheck shasum ffda9cb26b70b34f7cc19f1d88756539afb543bd
153 verbose addTmpTarball C:\Users\songs\AppData\Local\Temp\npm-1756-f9726d94\registry.npmjs.org\escodegen\-\escodegen-0.0.15.tgz not in flight; adding
154 verbose addTmpTarball already have metadata; skipping unpack for escodegen@0.0.15
155 verbose correctMkdir C:\Users\songs\AppData\Roaming\npm-cache correctMkdir not in flight; initializing
156 silly cache afterAdd escodegen@0.0.15
157 verbose afterAdd C:\Users\songs\AppData\Roaming\npm-cache\escodegen\0.0.15\package\package.json not in flight; writing
158 verbose correctMkdir C:\Users\songs\AppData\Roaming\npm-cache correctMkdir not in flight; initializing
159 verbose afterAdd C:\Users\songs\AppData\Roaming\npm-cache\escodegen\0.0.15\package\package.json written
160 http fetch 200 https://registry.npmjs.org/esprima-six-jpike/-/esprima-six-jpike-1.1.1-dev-harmony.tgz
161 verbose stack Error: kill ENOSYS
161 verbose stack     at exports._errnoException (util.js:1026:11)
161 verbose stack     at process.kill (internal/process.js:172:13)
161 verbose stack     at process.listener (D:\Node\node_modules\npm\node_modules\npmlog\node_modules\gauge\node_modules\signal-exit\index.js:86:15)
161 verbose stack     at emitNone (events.js:91:20)
161 verbose stack     at process.emit (events.js:185:7)
161 verbose stack     at processEmit (D:\Node\node_modules\npm\node_modules\npmlog\node_modules\gauge\node_modules\signal-exit\index.js:146:32)
161 verbose stack     at processEmit (D:\Node\node_modules\npm\node_modules\npm-registry-client\node_modules\npmlog\node_modules\gauge\node_modules\signal-exit\index.js:146:32)
161 verbose stack     at Signal.wrap.onsignal (internal/process.js:199:44)
162 verbose cwd C:\Users\songs\Desktop\SZW\song\myblog
163 error Windows_NT 10.0.15063
164 error argv "D:\\Node\\node.exe" "D:\\Node\\node_modules\\npm\\bin\\npm-cli.js" "install" "six"
165 error node v6.9.1
166 error npm  v3.10.8
167 error code ENOSYS
168 error errno ENOSYS
169 error syscall kill
170 error kill ENOSYS
171 error If you need help, you may report this error at:
171 error     <https://github.com/npm/npm/issues>
172 verbose exit [ 1, true ]
